{
  "RSpec": {
    "coverage": {
      "/Users/Macca/Desktop/WDI/wdi_project_three/final_project/socialproof/app/models/user.rb": [
        1,
        null,
        null,
        1,
        null,
        null
      ],
      "/Users/Macca/Desktop/WDI/wdi_project_three/final_project/socialproof/app/helpers/application_helper.rb": [
        1,
        null
      ],
      "/Users/Macca/Desktop/WDI/wdi_project_three/final_project/socialproof/app/helpers/users_helper.rb": [
        1,
        null
      ],
      "/Users/Macca/Desktop/WDI/wdi_project_three/final_project/socialproof/app/controllers/users_controller.rb": [
        1,
        1,
        null,
        1,
        0,
        null,
        null,
        1,
        0,
        0,
        0,
        0,
        0,
        null,
        0,
        0,
        null,
        null,
        null,
        null,
        1,
        2,
        2,
        2,
        2,
        2,
        2,
        2,
        null,
        null,
        2,
        null,
        null,
        1,
        2,
        2,
        2,
        2,
        2,
        null,
        2,
        null,
        null,
        null,
        null,
        1,
        null,
        1,
        0,
        null,
        null,
        null
      ],
      "/Users/Macca/Desktop/WDI/wdi_project_three/final_project/socialproof/app/controllers/application_controller.rb": [
        1,
        null,
        null,
        1,
        null,
        1,
        null,
        null,
        1,
        0,
        0,
        null,
        0,
        null,
        null,
        null
      ]
    },
    "timestamp": 1395895850
  }
}
